4 Processes
Shortest Job First

Time: 0 Process P1 has arrived.
Time: 0 Process P1 has been selected. (Burst 8)
Time: 1 Process P2 has arrived.
Time: 1 Process P2 has been selected. (Burst 4)
Time: 2 Process P3 has arrived.
Time: 3 Process P4 has arrived.
Time: 5 Process P2 has finished.
Time: 5 Process P4 has been selected. (Burst 5)
Time: 10 Process P4 has finished.
Time: 10 Process P1 has been selected. (Burst 7)
Time: 17 Process P1 has finished.
Time: 17 Process P3 has been selected. (Burst 9)
Time: 26 Process P3 has finished.
Time: 26 IDLE
Time: 27 IDLE
Time: 28 IDLE
Time: 29 IDLE
Finished at time: 30

P1 wait 9 turnaround 17
P2 wait 0 turnaround 4
P3 wait 15 turnaround 24
P4 wait 2 turnaround 7
